make --dry-run --always-make --keep-going --print-directory
make: Entering directory `/Users/sahafid/Desktop/Minishell'
clear
echo "$TITLE"
gcc -o utils1.o -c utils1.c
gcc -o srcs/builtins/echo.o -c srcs/builtins/echo.c
gcc -o srcs/builtins/env.o -c srcs/builtins/env.c
 
gcc -o srcs/builtins/exit.o -c srcs/builtins/exit.c
gcc -o srcs/builtins/pwd.o -c srcs/builtins/pwd.c
gcc -o srcs/builtins/export.o -c srcs/builtins/export.c
gcc -o srcs/builtins/unset.o -c srcs/builtins/unset.c
gcc -o srcs/utils/utils2.o -c srcs/utils/utils2.c
gcc -o srcs/builtins/cd.o -c srcs/builtins/cd.c
gcc -o srcs/builtins/cd/cd_home.o -c srcs/builtins/cd/cd_home.c
gcc -o srcs/pipes/pipe.o -c srcs/pipes/pipe.c
gcc -o srcs/pipes/check_cmd.o -c srcs/pipes/check_cmd.c
gcc -o srcs/signal/signals.o -c srcs/signal/signals.c
gcc -lreadline -I .brew/opt/readline/include -fsanitize=address  exec.c libft/libft.a utils1.o srcs/builtins/echo.o srcs/builtins/env.o srcs/builtins/exit.o srcs/builtins/pwd.o srcs/builtins/export.o srcs/builtins/unset.o srcs/utils/utils2.o srcs/builtins/cd.o srcs/builtins/cd/cd_home.o srcs/pipes/pipe.o srcs/pipes/check_cmd.o srcs/signal/signals.o -o minishell 
make clean
make: Leaving directory `/Users/sahafid/Desktop/Minishell'
 
